[debug] [2024-12-20T19:08:25.117Z] ----------------------------------------------------------------------
[debug] [2024-12-20T19:08:25.135Z] Command:       C:\Program Files\nodejs\node.exe C:\Users\Fekadu\AppData\Roaming\npm\node_modules\firebase-tools\lib\bin\firebase.js emulators:start
[debug] [2024-12-20T19:08:25.136Z] CLI Version:   13.28.0
[debug] [2024-12-20T19:08:25.136Z] Platform:      win32
[debug] [2024-12-20T19:08:25.137Z] Node Version:  v20.17.0
[debug] [2024-12-20T19:08:25.137Z] Time:          Fri Dec 20 2024 22:08:25 GMT+0300 (East Africa Time)
[debug] [2024-12-20T19:08:25.137Z] ----------------------------------------------------------------------
[debug] 
[debug] [2024-12-20T19:08:25.144Z] >>> [apiv2][query] GET https://firebase-public.firebaseio.com/cli.json [none]
[debug] [2024-12-20T19:08:25.438Z] > command requires scopes: ["email","openid","https://www.googleapis.com/auth/cloudplatformprojects.readonly","https://www.googleapis.com/auth/firebase","https://www.googleapis.com/auth/cloud-platform"]
[debug] [2024-12-20T19:08:25.439Z] > authorizing via signed-in user (mihretworku94@gmail.com)
[info] i  emulators: Starting emulators: functions, extensions {"metadata":{"emulator":{"name":"hub"},"message":"Starting emulators: functions, extensions"}}
[debug] [2024-12-20T19:08:25.448Z] Checked if tokens are valid: false, expires at: 1734590922967
[debug] [2024-12-20T19:08:25.449Z] Checked if tokens are valid: false, expires at: 1734590922967
[debug] [2024-12-20T19:08:25.449Z] > refreshing access token with scopes: []
[debug] [2024-12-20T19:08:25.451Z] >>> [apiv2][query] POST https://www.googleapis.com/oauth2/v3/token [none]
[debug] [2024-12-20T19:08:25.452Z] >>> [apiv2][body] POST https://www.googleapis.com/oauth2/v3/token [omitted]
[debug] [2024-12-20T19:08:26.327Z] <<< [apiv2][status] POST https://www.googleapis.com/oauth2/v3/token 200
[debug] [2024-12-20T19:08:26.327Z] <<< [apiv2][body] POST https://www.googleapis.com/oauth2/v3/token [omitted]
[debug] [2024-12-20T19:08:26.345Z] >>> [apiv2][query] GET https://cloudresourcemanager.googleapis.com/v1/projects/clone-92713 [none]
[debug] [2024-12-20T19:08:27.428Z] <<< [apiv2][status] GET https://firebase-public.firebaseio.com/cli.json 200
[debug] [2024-12-20T19:08:27.428Z] <<< [apiv2][body] GET https://firebase-public.firebaseio.com/cli.json {"cloudBuildErrorAfter":1594252800000,"cloudBuildWarnAfter":1590019200000,"defaultNode10After":1594252800000,"minVersion":"3.0.5","node8DeploysDisabledAfter":1613390400000,"node8RuntimeDisabledAfter":1615809600000,"node8WarnAfter":1600128000000}
[debug] [2024-12-20T19:08:27.738Z] <<< [apiv2][status] GET https://cloudresourcemanager.googleapis.com/v1/projects/clone-92713 200
[debug] [2024-12-20T19:08:27.739Z] <<< [apiv2][body] GET https://cloudresourcemanager.googleapis.com/v1/projects/clone-92713 {"projectNumber":"19634151698","projectId":"clone-92713","lifecycleState":"ACTIVE","name":"amazon-clone","labels":{"firebase":"enabled"},"createTime":"2024-11-29T20:24:28.848744Z"}
[debug] [2024-12-20T19:08:27.780Z] [logging] Logging Emulator only supports listening on one address (127.0.0.1). Not listening on ::1
[debug] [2024-12-20T19:08:27.781Z] assigned listening specs for emulators {"user":{"hub":[{"address":"127.0.0.1","family":"IPv4","port":4400},{"address":"::1","family":"IPv6","port":4400}],"ui":[{"address":"127.0.0.1","family":"IPv4","port":4000},{"address":"::1","family":"IPv6","port":4000}],"logging":[{"address":"127.0.0.1","family":"IPv4","port":4500}]},"metadata":{"message":"assigned listening specs for emulators"}}
[warn] !  emulators: It seems that you are running multiple instances of the emulator suite for project clone-92713. This may result in unexpected behavior. 
[debug] [2024-12-20T19:08:27.795Z] [hub] writing locator at C:\Users\Fekadu\AppData\Local\Temp\hub-clone-92713.json
[debug] [2024-12-20T19:08:27.816Z] [Extensions] Started Extensions emulator, this is a noop.
[debug] [2024-12-20T19:08:27.832Z] [functions] Functions Emulator only supports listening on one address (127.0.0.1). Not listening on ::1
[debug] [2024-12-20T19:08:27.832Z] [eventarc] Eventarc Emulator only supports listening on one address (127.0.0.1). Not listening on ::1
[debug] [2024-12-20T19:08:27.832Z] [tasks] Cloud Tasks Emulator only supports listening on one address (127.0.0.1). Not listening on ::1
[debug] [2024-12-20T19:08:27.832Z] late-assigned ports for functions and eventarc emulators {"user":{"hub":[{"address":"127.0.0.1","family":"IPv4","port":4400},{"address":"::1","family":"IPv6","port":4400}],"ui":[{"address":"127.0.0.1","family":"IPv4","port":4000},{"address":"::1","family":"IPv6","port":4000}],"logging":[{"address":"127.0.0.1","family":"IPv4","port":4500}],"functions":[{"address":"127.0.0.1","family":"IPv4","port":5001}],"eventarc":[{"address":"127.0.0.1","family":"IPv4","port":9299}],"tasks":[{"address":"127.0.0.1","family":"IPv4","port":9499}]},"metadata":{"message":"late-assigned ports for functions and eventarc emulators"}}
[warn] !  functions: The following emulators are not running, calls to these services from the Functions emulator will affect production: apphosting, auth, firestore, database, hosting, pubsub, storage, dataconnect {"metadata":{"emulator":{"name":"functions"},"message":"The following emulators are not running, calls to these services from the Functions emulator will affect production: \u001b[1mapphosting, auth, firestore, database, hosting, pubsub, storage, dataconnect\u001b[22m"}}
[debug] [2024-12-20T19:08:27.840Z] defaultcredentials: writing to file C:\Users\Fekadu\AppData\Roaming\firebase\mihretworku94_gmail_com_application_default_credentials.json
[debug] [2024-12-20T19:08:27.844Z] Setting GAC to C:\Users\Fekadu\AppData\Roaming\firebase\mihretworku94_gmail_com_application_default_credentials.json {"metadata":{"emulator":{"name":"functions"},"message":"Setting GAC to C:\\Users\\Fekadu\\AppData\\Roaming\\firebase\\mihretworku94_gmail_com_application_default_credentials.json"}}
[debug] [2024-12-20T19:08:27.845Z] Checked if tokens are valid: true, expires at: 1734725305328
[debug] [2024-12-20T19:08:27.845Z] Checked if tokens are valid: true, expires at: 1734725305328
[debug] [2024-12-20T19:08:27.846Z] >>> [apiv2][query] GET https://firebase.googleapis.com/v1beta1/projects/clone-92713/adminSdkConfig [none]
[debug] [2024-12-20T19:08:28.592Z] <<< [apiv2][status] GET https://firebase.googleapis.com/v1beta1/projects/clone-92713/adminSdkConfig 200
[debug] [2024-12-20T19:08:28.593Z] <<< [apiv2][body] GET https://firebase.googleapis.com/v1beta1/projects/clone-92713/adminSdkConfig {"projectId":"clone-92713","storageBucket":"clone-92713.firebasestorage.app"}
[debug] [2024-12-20T19:08:28.704Z] [Extensions] Connecting Extensions emulator, this is a noop.
[info] i  functions: Watching "C:\Users\Fekadu\Desktop\Projects\Amazon-Clone\functions" for Cloud Functions... {"metadata":{"emulator":{"name":"functions"},"message":"Watching \"C:\\Users\\Fekadu\\Desktop\\Projects\\Amazon-Clone\\functions\" for Cloud Functions..."}}
[debug] [2024-12-20T19:08:28.727Z] Validating nodejs source
[warn] !  functions: package.json indicates an outdated version of firebase-functions. Please upgrade using npm install --save firebase-functions@latest in your functions directory. 
[debug] [2024-12-20T19:08:31.537Z] > [functions] package.json contents: {
  "name": "functions",
  "description": "Cloud Functions for Firebase",
  "scripts": {
    "serve": "firebase emulators:start --only functions",
    "shell": "firebase functions:shell",
    "start": "npm run shell",
    "deploy": "firebase deploy --only functions",
    "logs": "firebase functions:log"
  },
  "engines": {
    "node": "18"
  },
  "main": "index.js",
  "dependencies": {
    "cors": "^2.8.5",
    "dotenv": "^16.4.7",
    "express": "^4.21.2",
    "firebase-admin": "^12.6.0",
    "firebase-functions": "^6.0.1",
    "stripe": "^17.4.0"
  },
  "devDependencies": {
    "firebase-functions-test": "^3.1.0"
  },
  "private": true
}
[debug] [2024-12-20T19:08:31.538Z] Building nodejs source
[debug] [2024-12-20T19:08:31.539Z] Failed to find version of module node: reached end of search path C:\Users\Fekadu\Desktop\Projects\Amazon-Clone\functions\node_modules
[warn] !  functions: Your requested "node" version "18" doesn't match your global version "20". Using node@20 from host. 
[info] i  functions: Loaded environment variables from .env. 
[debug] [2024-12-20T19:08:31.558Z] Could not find functions.yaml. Must use http discovery
[debug] [2024-12-20T19:08:31.594Z] Found firebase-functions binary at 'C:\Users\Fekadu\Desktop\Projects\Amazon-Clone\functions\node_modules\.bin\firebase-functions'
[info] Serving at port 8611

[debug] [2024-12-20T19:08:34.048Z] Got response from /__/functions.yaml {"endpoints":{"payment":{"availableMemoryMb":null,"timeoutSeconds":null,"minInstances":null,"maxInstances":null,"ingressSettings":null,"concurrency":null,"serviceAccountEmail":null,"vpc":null,"platform":"gcfv2","labels":{},"httpsTrigger":{},"entryPoint":"payment"}},"specVersion":"v1alpha1","requiredAPIs":[],"extensions":{}}
[debug] [2024-12-20T19:08:34.969Z] [work-queue] {"queuedWork":["/clone-92713/us-central1/payment/payment/create-2024-12-20T19:08:34.968Z"],"queueLength":1,"runningWork":[],"workRunningCount":0}
[debug] [2024-12-20T19:08:34.970Z] [work-queue] {"queuedWork":[],"queueLength":0,"runningWork":["/clone-92713/us-central1/payment/payment/create-2024-12-20T19:08:34.968Z"],"workRunningCount":1}
[debug] [2024-12-20T19:08:34.975Z] [work-queue] {"queuedWork":[],"queueLength":0,"runningWork":[],"workRunningCount":0}
[debug] [2024-12-20T19:08:39.140Z] defaultcredentials: writing to file C:\Users\Fekadu\AppData\Roaming\firebase\mihretworku94_gmail_com_application_default_credentials.json
[debug] [2024-12-20T19:08:39.142Z] Setting GAC to C:\Users\Fekadu\AppData\Roaming\firebase\mihretworku94_gmail_com_application_default_credentials.json {"metadata":{"emulator":{"name":"functions"},"message":"Setting GAC to C:\\Users\\Fekadu\\AppData\\Roaming\\firebase\\mihretworku94_gmail_com_application_default_credentials.json"}}
[info] +  functions: Loaded functions definitions from source: payment. {"metadata":{"emulator":{"name":"functions"},"message":"Loaded functions definitions from source: payment."}}
[info] +  functions[us-central1-payment]: http function initialized (http://127.0.0.1:5001/clone-92713/us-central1/payment). {"metadata":{"emulator":{"name":"functions"},"message":"\u001b[1mhttp\u001b[22m function initialized (http://127.0.0.1:5001/clone-92713/us-central1/payment)."}}
[debug] [2024-12-20T19:08:39.158Z] Could not find VSCode notification endpoint: FetchError: request to http://localhost:40001/vscode/notify failed, reason: . If you are not running the Firebase Data Connect VSCode extension, this is expected and not an issue.
[info] 
┌─────────────────────────────────────────────────────────────┐
│ ✔  All emulators ready! It is now safe to connect your app. │
│ i  View Emulator UI at http://127.0.0.1:4000/               │
└─────────────────────────────────────────────────────────────┘

┌────────────┬────────────────┬──────────────────────────────────┐
│ Emulator   │ Host:Port      │ View in Emulator UI              │
├────────────┼────────────────┼──────────────────────────────────┤
│ Functions  │ 127.0.0.1:5001 │ http://127.0.0.1:4000/functions  │
├────────────┼────────────────┼──────────────────────────────────┤
│ Extensions │ 127.0.0.1:5001 │ http://127.0.0.1:4000/extensions │
└────────────┴────────────────┴──────────────────────────────────┘
  Emulator Hub running at 127.0.0.1:4400
  Other reserved ports: 4500
┌─────────────────────────┬───────────────┬─────────────────────┐
│ Extension Instance Name │ Extension Ref │ View in Emulator UI │
└─────────────────────────┴───────────────┴─────────────────────┘
Issues? Report them at https://github.com/firebase/firebase-tools/issues and attach the *-debug.log files.
 
[debug] [2024-12-20T19:08:53.148Z] [work-queue] {"queuedWork":["/clone-92713/us-central1/payment/payment/create-2024-12-20T19:08:53.147Z"],"queueLength":1,"runningWork":[],"workRunningCount":0}
[debug] [2024-12-20T19:08:53.150Z] [work-queue] {"queuedWork":[],"queueLength":0,"runningWork":["/clone-92713/us-central1/payment/payment/create-2024-12-20T19:08:53.147Z"],"workRunningCount":1}
[debug] [2024-12-20T19:08:53.150Z] Accepted request POST /clone-92713/us-central1/payment/payment/create?total=69500 --> us-central1-payment
[debug] [2024-12-20T19:08:53.160Z] [functions] Runtime ready! Sending request! {"metadata":{"emulator":{"name":"functions"},"message":"[functions] Runtime ready! Sending request!"}}
[debug] [2024-12-20T19:08:53.162Z] [functions] Got req.url=/clone-92713/us-central1/payment/payment/create?total=69500, mapping to path=/payment/create?total=69500 {"metadata":{"emulator":{"name":"functions"},"message":"[functions] Got req.url=/clone-92713/us-central1/payment/payment/create?total=69500, mapping to path=/payment/create?total=69500"}}
[info] i  functions: Loaded environment variables from .env. 
[debug] [2024-12-20T19:08:53.221Z] [worker-pool] addWorker(us-central1-payment) {"metadata":{"emulator":{"name":"functions"},"message":"[worker-pool] addWorker(us-central1-payment)"}}
[debug] [2024-12-20T19:08:53.226Z] [worker-pool] Adding worker with key us-central1-payment, total=1 {"metadata":{"emulator":{"name":"functions"},"message":"[worker-pool] Adding worker with key us-central1-payment, total=1"}}
[debug] [2024-12-20T19:08:57.160Z] [runtime-status] [13592] Resolved module firebase-admin {"declared":true,"installed":true,"version":"12.7.0","resolution":"C:\\Users\\Fekadu\\Desktop\\Projects\\Amazon-Clone\\functions\\node_modules\\firebase-admin\\lib\\index.js"} {"metadata":{"emulator":{"name":"functions"},"function":{"name":"us-central1-payment"},"extension":{},"message":"[runtime-status] [13592] Resolved module firebase-admin {\"declared\":true,\"installed\":true,\"version\":\"12.7.0\",\"resolution\":\"C:\\\\Users\\\\Fekadu\\\\Desktop\\\\Projects\\\\Amazon-Clone\\\\functions\\\\node_modules\\\\firebase-admin\\\\lib\\\\index.js\"}"}}
[debug] [2024-12-20T19:08:57.164Z] [runtime-status] [13592] Resolved module firebase-functions {"declared":true,"installed":true,"version":"6.1.1","resolution":"C:\\Users\\Fekadu\\Desktop\\Projects\\Amazon-Clone\\functions\\node_modules\\firebase-functions\\lib\\v2\\index.js"} {"metadata":{"emulator":{"name":"functions"},"function":{"name":"us-central1-payment"},"extension":{},"message":"[runtime-status] [13592] Resolved module firebase-functions {\"declared\":true,\"installed\":true,\"version\":\"6.1.1\",\"resolution\":\"C:\\\\Users\\\\Fekadu\\\\Desktop\\\\Projects\\\\Amazon-Clone\\\\functions\\\\node_modules\\\\firebase-functions\\\\lib\\\\v2\\\\index.js\"}"}}
[debug] [2024-12-20T19:08:57.165Z] [runtime-status] [13592] Outgoing network have been stubbed. [{"name":"http","status":"mocked"},{"name":"http","status":"mocked"},{"name":"https","status":"mocked"},{"name":"https","status":"mocked"},{"name":"net","status":"mocked"}] {"metadata":{"emulator":{"name":"functions"},"function":{"name":"us-central1-payment"},"extension":{},"message":"[runtime-status] [13592] Outgoing network have been stubbed. [{\"name\":\"http\",\"status\":\"mocked\"},{\"name\":\"http\",\"status\":\"mocked\"},{\"name\":\"https\",\"status\":\"mocked\"},{\"name\":\"https\",\"status\":\"mocked\"},{\"name\":\"net\",\"status\":\"mocked\"}]"}}
[debug] [2024-12-20T19:08:57.166Z] [runtime-status] [13592] Resolved module firebase-functions {"declared":true,"installed":true,"version":"6.1.1","resolution":"C:\\Users\\Fekadu\\Desktop\\Projects\\Amazon-Clone\\functions\\node_modules\\firebase-functions\\lib\\v2\\index.js"} {"metadata":{"emulator":{"name":"functions"},"function":{"name":"us-central1-payment"},"extension":{},"message":"[runtime-status] [13592] Resolved module firebase-functions {\"declared\":true,\"installed\":true,\"version\":\"6.1.1\",\"resolution\":\"C:\\\\Users\\\\Fekadu\\\\Desktop\\\\Projects\\\\Amazon-Clone\\\\functions\\\\node_modules\\\\firebase-functions\\\\lib\\\\v2\\\\index.js\"}"}}
[debug] [2024-12-20T19:08:58.018Z] [runtime-status] [13592] Checked functions.config() {"config":{}} {"metadata":{"emulator":{"name":"functions"},"function":{"name":"us-central1-payment"},"extension":{},"message":"[runtime-status] [13592] Checked functions.config() {\"config\":{}}"}}
[debug] [2024-12-20T19:08:58.019Z] [runtime-status] [13592] firebase-functions has been stubbed. {"functionsResolution":{"declared":true,"installed":true,"version":"6.1.1","resolution":"C:\\Users\\Fekadu\\Desktop\\Projects\\Amazon-Clone\\functions\\node_modules\\firebase-functions\\lib\\v2\\index.js"}} {"metadata":{"emulator":{"name":"functions"},"function":{"name":"us-central1-payment"},"extension":{},"message":"[runtime-status] [13592] firebase-functions has been stubbed. {\"functionsResolution\":{\"declared\":true,\"installed\":true,\"version\":\"6.1.1\",\"resolution\":\"C:\\\\Users\\\\Fekadu\\\\Desktop\\\\Projects\\\\Amazon-Clone\\\\functions\\\\node_modules\\\\firebase-functions\\\\lib\\\\v2\\\\index.js\"}}"}}
[debug] [2024-12-20T19:08:58.021Z] [runtime-status] [13592] Resolved module firebase-functions {"declared":true,"installed":true,"version":"6.1.1","resolution":"C:\\Users\\Fekadu\\Desktop\\Projects\\Amazon-Clone\\functions\\node_modules\\firebase-functions\\lib\\v2\\index.js"} {"metadata":{"emulator":{"name":"functions"},"function":{"name":"us-central1-payment"},"extension":{},"message":"[runtime-status] [13592] Resolved module firebase-functions {\"declared\":true,\"installed\":true,\"version\":\"6.1.1\",\"resolution\":\"C:\\\\Users\\\\Fekadu\\\\Desktop\\\\Projects\\\\Amazon-Clone\\\\functions\\\\node_modules\\\\firebase-functions\\\\lib\\\\v2\\\\index.js\"}"}}
[debug] [2024-12-20T19:08:58.038Z] [runtime-status] [13592] Resolved module firebase-admin {"declared":true,"installed":true,"version":"12.7.0","resolution":"C:\\Users\\Fekadu\\Desktop\\Projects\\Amazon-Clone\\functions\\node_modules\\firebase-admin\\lib\\index.js"} {"metadata":{"emulator":{"name":"functions"},"function":{"name":"us-central1-payment"},"extension":{},"message":"[runtime-status] [13592] Resolved module firebase-admin {\"declared\":true,\"installed\":true,\"version\":\"12.7.0\",\"resolution\":\"C:\\\\Users\\\\Fekadu\\\\Desktop\\\\Projects\\\\Amazon-Clone\\\\functions\\\\node_modules\\\\firebase-admin\\\\lib\\\\index.js\"}"}}
[debug] [2024-12-20T19:08:58.051Z] [runtime-status] [13592] Resolved module firebase-functions {"declared":true,"installed":true,"version":"6.1.1","resolution":"C:\\Users\\Fekadu\\Desktop\\Projects\\Amazon-Clone\\functions\\node_modules\\firebase-functions\\lib\\v2\\index.js"} {"metadata":{"emulator":{"name":"functions"},"function":{"name":"us-central1-payment"},"extension":{},"message":"[runtime-status] [13592] Resolved module firebase-functions {\"declared\":true,\"installed\":true,\"version\":\"6.1.1\",\"resolution\":\"C:\\\\Users\\\\Fekadu\\\\Desktop\\\\Projects\\\\Amazon-Clone\\\\functions\\\\node_modules\\\\firebase-functions\\\\lib\\\\v2\\\\index.js\"}"}}
[debug] [2024-12-20T19:08:58.051Z] [runtime-status] [13592] firebase-admin has been stubbed. {"adminResolution":{"declared":true,"installed":true,"version":"12.7.0","resolution":"C:\\Users\\Fekadu\\Desktop\\Projects\\Amazon-Clone\\functions\\node_modules\\firebase-admin\\lib\\index.js"}} {"metadata":{"emulator":{"name":"functions"},"function":{"name":"us-central1-payment"},"extension":{},"message":"[runtime-status] [13592] firebase-admin has been stubbed. {\"adminResolution\":{\"declared\":true,\"installed\":true,\"version\":\"12.7.0\",\"resolution\":\"C:\\\\Users\\\\Fekadu\\\\Desktop\\\\Projects\\\\Amazon-Clone\\\\functions\\\\node_modules\\\\firebase-admin\\\\lib\\\\index.js\"}}"}}
[debug] [2024-12-20T19:08:58.511Z] [runtime-status] [13592] Functions runtime initialized. {"cwd":"C:\\Users\\Fekadu\\Desktop\\Projects\\Amazon-Clone\\functions","node_version":"20.17.0"} {"metadata":{"emulator":{"name":"functions"},"function":{"name":"us-central1-payment"},"extension":{},"message":"[runtime-status] [13592] Functions runtime initialized. {\"cwd\":\"C:\\\\Users\\\\Fekadu\\\\Desktop\\\\Projects\\\\Amazon-Clone\\\\functions\",\"node_version\":\"20.17.0\"}"}}
[debug] [2024-12-20T19:08:58.513Z] [runtime-status] [13592] Listening to port: \\?\pipe\fire_emu_29af1b16b731ced7 {"metadata":{"emulator":{"name":"functions"},"function":{"name":"us-central1-payment"},"extension":{},"message":"[runtime-status] [13592] Listening to port: \\\\?\\pipe\\fire_emu_29af1b16b731ced7"}}
[debug] [2024-12-20T19:08:58.569Z] [worker-us-central1-payment-1aa4e2dc-de1d-4317-a622-9795580ba9c5]: IDLE {"metadata":{"emulator":{"name":"functions"},"function":{"name":"us-central1-payment"},"extension":{},"message":"[worker-us-central1-payment-1aa4e2dc-de1d-4317-a622-9795580ba9c5]: IDLE"}}
[debug] [2024-12-20T19:08:58.570Z] [worker-pool] submitRequest(triggerId=us-central1-payment) {"metadata":{"emulator":{"name":"functions"},"message":"[worker-pool] submitRequest(triggerId=us-central1-payment)"}}
[info] i  functions: Beginning execution of "us-central1-payment" {"metadata":{"emulator":{"name":"functions"},"function":{"name":"us-central1-payment"},"extension":{},"message":"Beginning execution of \"us-central1-payment\""}}
[debug] [2024-12-20T19:08:58.571Z] [worker-us-central1-payment-1aa4e2dc-de1d-4317-a622-9795580ba9c5]: BUSY {"metadata":{"emulator":{"name":"functions"},"function":{"name":"us-central1-payment"},"extension":{},"message":"[worker-us-central1-payment-1aa4e2dc-de1d-4317-a622-9795580ba9c5]: BUSY"}}
[info] >  { {"user":"{","metadata":{"emulator":{"name":"functions"},"function":{"name":"us-central1-payment"},"extension":{},"message":"\u001b[90m> \u001b[39m {"}}
[info] >    id: 'pi_3QYBZQKvTXKcV3Xe1hGL7bp2', {"user":"  id: 'pi_3QYBZQKvTXKcV3Xe1hGL7bp2',","metadata":{"emulator":{"name":"functions"},"function":{"name":"us-central1-payment"},"extension":{},"message":"\u001b[90m> \u001b[39m   id: 'pi_3QYBZQKvTXKcV3Xe1hGL7bp2',"}}
[info] >    object: 'payment_intent', {"user":"  object: 'payment_intent',","metadata":{"emulator":{"name":"functions"},"function":{"name":"us-central1-payment"},"extension":{},"message":"\u001b[90m> \u001b[39m   object: 'payment_intent',"}}
[info] >    amount: 69500, {"user":"  amount: 69500,","metadata":{"emulator":{"name":"functions"},"function":{"name":"us-central1-payment"},"extension":{},"message":"\u001b[90m> \u001b[39m   amount: 69500,"}}
[info] >    amount_capturable: 0, {"user":"  amount_capturable: 0,","metadata":{"emulator":{"name":"functions"},"function":{"name":"us-central1-payment"},"extension":{},"message":"\u001b[90m> \u001b[39m   amount_capturable: 0,"}}
[info] >    amount_details: { tip: {} }, {"user":"  amount_details: { tip: {} },","metadata":{"emulator":{"name":"functions"},"function":{"name":"us-central1-payment"},"extension":{},"message":"\u001b[90m> \u001b[39m   amount_details: { tip: {} },"}}
[info] >    amount_received: 0, {"user":"  amount_received: 0,","metadata":{"emulator":{"name":"functions"},"function":{"name":"us-central1-payment"},"extension":{},"message":"\u001b[90m> \u001b[39m   amount_received: 0,"}}
[info] >    application: null, {"user":"  application: null,","metadata":{"emulator":{"name":"functions"},"function":{"name":"us-central1-payment"},"extension":{},"message":"\u001b[90m> \u001b[39m   application: null,"}}
[info] >    application_fee_amount: null, {"user":"  application_fee_amount: null,","metadata":{"emulator":{"name":"functions"},"function":{"name":"us-central1-payment"},"extension":{},"message":"\u001b[90m> \u001b[39m   application_fee_amount: null,"}}
[info] >    automatic_payment_methods: { allow_redirects: 'always', enabled: true }, {"user":"  automatic_payment_methods: { allow_redirects: 'always', enabled: true },","metadata":{"emulator":{"name":"functions"},"function":{"name":"us-central1-payment"},"extension":{},"message":"\u001b[90m> \u001b[39m   automatic_payment_methods: { allow_redirects: 'always', enabled: true },"}}
[info] >    canceled_at: null, {"user":"  canceled_at: null,","metadata":{"emulator":{"name":"functions"},"function":{"name":"us-central1-payment"},"extension":{},"message":"\u001b[90m> \u001b[39m   canceled_at: null,"}}
[info] >    cancellation_reason: null, {"user":"  cancellation_reason: null,","metadata":{"emulator":{"name":"functions"},"function":{"name":"us-central1-payment"},"extension":{},"message":"\u001b[90m> \u001b[39m   cancellation_reason: null,"}}
[info] >    capture_method: 'automatic_async', {"user":"  capture_method: 'automatic_async',","metadata":{"emulator":{"name":"functions"},"function":{"name":"us-central1-payment"},"extension":{},"message":"\u001b[90m> \u001b[39m   capture_method: 'automatic_async',"}}
[info] >    client_secret: 'pi_3QYBZQKvTXKcV3Xe1hGL7bp2_secret_ATKS3h5ntdN7HJBjrBz2yw6D9', {"user":"  client_secret: 'pi_3QYBZQKvTXKcV3Xe1hGL7bp2_secret_ATKS3h5ntdN7HJBjrBz2yw6D9',","metadata":{"emulator":{"name":"functions"},"function":{"name":"us-central1-payment"},"extension":{},"message":"\u001b[90m> \u001b[39m   client_secret: 'pi_3QYBZQKvTXKcV3Xe1hGL7bp2_secret_ATKS3h5ntdN7HJBjrBz2yw6D9',"}}
[info] >    confirmation_method: 'automatic', {"user":"  confirmation_method: 'automatic',","metadata":{"emulator":{"name":"functions"},"function":{"name":"us-central1-payment"},"extension":{},"message":"\u001b[90m> \u001b[39m   confirmation_method: 'automatic',"}}
[info] >    created: 1734721748, {"user":"  created: 1734721748,","metadata":{"emulator":{"name":"functions"},"function":{"name":"us-central1-payment"},"extension":{},"message":"\u001b[90m> \u001b[39m   created: 1734721748,"}}
[info] >    currency: 'usd', {"user":"  currency: 'usd',","metadata":{"emulator":{"name":"functions"},"function":{"name":"us-central1-payment"},"extension":{},"message":"\u001b[90m> \u001b[39m   currency: 'usd',"}}
[info] >    customer: null, {"user":"  customer: null,","metadata":{"emulator":{"name":"functions"},"function":{"name":"us-central1-payment"},"extension":{},"message":"\u001b[90m> \u001b[39m   customer: null,"}}
[info] >    description: null, {"user":"  description: null,","metadata":{"emulator":{"name":"functions"},"function":{"name":"us-central1-payment"},"extension":{},"message":"\u001b[90m> \u001b[39m   description: null,"}}
[info] >    invoice: null, {"user":"  invoice: null,","metadata":{"emulator":{"name":"functions"},"function":{"name":"us-central1-payment"},"extension":{},"message":"\u001b[90m> \u001b[39m   invoice: null,"}}
[info] >    last_payment_error: null, {"user":"  last_payment_error: null,","metadata":{"emulator":{"name":"functions"},"function":{"name":"us-central1-payment"},"extension":{},"message":"\u001b[90m> \u001b[39m   last_payment_error: null,"}}
[info] >    latest_charge: null, {"user":"  latest_charge: null,","metadata":{"emulator":{"name":"functions"},"function":{"name":"us-central1-payment"},"extension":{},"message":"\u001b[90m> \u001b[39m   latest_charge: null,"}}
[info] >    livemode: false, {"user":"  livemode: false,","metadata":{"emulator":{"name":"functions"},"function":{"name":"us-central1-payment"},"extension":{},"message":"\u001b[90m> \u001b[39m   livemode: false,"}}
[info] >    metadata: {}, {"user":"  metadata: {},","metadata":{"emulator":{"name":"functions"},"function":{"name":"us-central1-payment"},"extension":{},"message":"\u001b[90m> \u001b[39m   metadata: {},"}}
[info] >    next_action: null, {"user":"  next_action: null,","metadata":{"emulator":{"name":"functions"},"function":{"name":"us-central1-payment"},"extension":{},"message":"\u001b[90m> \u001b[39m   next_action: null,"}}
[info] >    on_behalf_of: null, {"user":"  on_behalf_of: null,","metadata":{"emulator":{"name":"functions"},"function":{"name":"us-central1-payment"},"extension":{},"message":"\u001b[90m> \u001b[39m   on_behalf_of: null,"}}
[info] >    payment_method: null, {"user":"  payment_method: null,","metadata":{"emulator":{"name":"functions"},"function":{"name":"us-central1-payment"},"extension":{},"message":"\u001b[90m> \u001b[39m   payment_method: null,"}}
[info] >    payment_method_configuration_details: { id: 'pmc_1QTX35KvTXKcV3XeM2uDSzVq', parent: null }, {"user":"  payment_method_configuration_details: { id: 'pmc_1QTX35KvTXKcV3XeM2uDSzVq', parent: null },","metadata":{"emulator":{"name":"functions"},"function":{"name":"us-central1-payment"},"extension":{},"message":"\u001b[90m> \u001b[39m   payment_method_configuration_details: { id: 'pmc_1QTX35KvTXKcV3XeM2uDSzVq', parent: null },"}}
[info] >    payment_method_options: { {"user":"  payment_method_options: {","metadata":{"emulator":{"name":"functions"},"function":{"name":"us-central1-payment"},"extension":{},"message":"\u001b[90m> \u001b[39m   payment_method_options: {"}}
[info] >      affirm: {}, {"user":"    affirm: {},","metadata":{"emulator":{"name":"functions"},"function":{"name":"us-central1-payment"},"extension":{},"message":"\u001b[90m> \u001b[39m     affirm: {},"}}
[info] >      amazon_pay: { express_checkout_element_session_id: null }, {"user":"    amazon_pay: { express_checkout_element_session_id: null },","metadata":{"emulator":{"name":"functions"},"function":{"name":"us-central1-payment"},"extension":{},"message":"\u001b[90m> \u001b[39m     amazon_pay: { express_checkout_element_session_id: null },"}}
[info] >      card: { {"user":"    card: {","metadata":{"emulator":{"name":"functions"},"function":{"name":"us-central1-payment"},"extension":{},"message":"\u001b[90m> \u001b[39m     card: {"}}
[info] >        installments: null, {"user":"      installments: null,","metadata":{"emulator":{"name":"functions"},"function":{"name":"us-central1-payment"},"extension":{},"message":"\u001b[90m> \u001b[39m       installments: null,"}}
[info] >        mandate_options: null, {"user":"      mandate_options: null,","metadata":{"emulator":{"name":"functions"},"function":{"name":"us-central1-payment"},"extension":{},"message":"\u001b[90m> \u001b[39m       mandate_options: null,"}}
[info] >        network: null, {"user":"      network: null,","metadata":{"emulator":{"name":"functions"},"function":{"name":"us-central1-payment"},"extension":{},"message":"\u001b[90m> \u001b[39m       network: null,"}}
[info] >        request_three_d_secure: 'automatic' {"user":"      request_three_d_secure: 'automatic'","metadata":{"emulator":{"name":"functions"},"function":{"name":"us-central1-payment"},"extension":{},"message":"\u001b[90m> \u001b[39m       request_three_d_secure: 'automatic'"}}
[info] >      }, {"user":"    },","metadata":{"emulator":{"name":"functions"},"function":{"name":"us-central1-payment"},"extension":{},"message":"\u001b[90m> \u001b[39m     },"}}
[info] >      cashapp: {}, {"user":"    cashapp: {},","metadata":{"emulator":{"name":"functions"},"function":{"name":"us-central1-payment"},"extension":{},"message":"\u001b[90m> \u001b[39m     cashapp: {},"}}
[info] >      klarna: { preferred_locale: null }, {"user":"    klarna: { preferred_locale: null },","metadata":{"emulator":{"name":"functions"},"function":{"name":"us-central1-payment"},"extension":{},"message":"\u001b[90m> \u001b[39m     klarna: { preferred_locale: null },"}}
[info] >      link: { persistent_token: null } {"user":"    link: { persistent_token: null }","metadata":{"emulator":{"name":"functions"},"function":{"name":"us-central1-payment"},"extension":{},"message":"\u001b[90m> \u001b[39m     link: { persistent_token: null }"}}
[info] >    }, {"user":"  },","metadata":{"emulator":{"name":"functions"},"function":{"name":"us-central1-payment"},"extension":{},"message":"\u001b[90m> \u001b[39m   },"}}
[info] >    payment_method_types: [ 'card', 'klarna', 'link', 'affirm', 'cashapp', 'amazon_pay' ], {"user":"  payment_method_types: [ 'card', 'klarna', 'link', 'affirm', 'cashapp', 'amazon_pay' ],","metadata":{"emulator":{"name":"functions"},"function":{"name":"us-central1-payment"},"extension":{},"message":"\u001b[90m> \u001b[39m   payment_method_types: [ 'card', 'klarna', 'link', 'affirm', 'cashapp', 'amazon_pay' ],"}}
[info] >    processing: null, {"user":"  processing: null,","metadata":{"emulator":{"name":"functions"},"function":{"name":"us-central1-payment"},"extension":{},"message":"\u001b[90m> \u001b[39m   processing: null,"}}
[info] >    receipt_email: null, {"user":"  receipt_email: null,","metadata":{"emulator":{"name":"functions"},"function":{"name":"us-central1-payment"},"extension":{},"message":"\u001b[90m> \u001b[39m   receipt_email: null,"}}
[info] >    review: null, {"user":"  review: null,","metadata":{"emulator":{"name":"functions"},"function":{"name":"us-central1-payment"},"extension":{},"message":"\u001b[90m> \u001b[39m   review: null,"}}
[info] >    setup_future_usage: null, {"user":"  setup_future_usage: null,","metadata":{"emulator":{"name":"functions"},"function":{"name":"us-central1-payment"},"extension":{},"message":"\u001b[90m> \u001b[39m   setup_future_usage: null,"}}
[info] >    shipping: null, {"user":"  shipping: null,","metadata":{"emulator":{"name":"functions"},"function":{"name":"us-central1-payment"},"extension":{},"message":"\u001b[90m> \u001b[39m   shipping: null,"}}
[info] >    source: null, {"user":"  source: null,","metadata":{"emulator":{"name":"functions"},"function":{"name":"us-central1-payment"},"extension":{},"message":"\u001b[90m> \u001b[39m   source: null,"}}
[info] >    statement_descriptor: null, {"user":"  statement_descriptor: null,","metadata":{"emulator":{"name":"functions"},"function":{"name":"us-central1-payment"},"extension":{},"message":"\u001b[90m> \u001b[39m   statement_descriptor: null,"}}
[info] >    statement_descriptor_suffix: null, {"user":"  statement_descriptor_suffix: null,","metadata":{"emulator":{"name":"functions"},"function":{"name":"us-central1-payment"},"extension":{},"message":"\u001b[90m> \u001b[39m   statement_descriptor_suffix: null,"}}
[info] >    status: 'requires_payment_method', {"user":"  status: 'requires_payment_method',","metadata":{"emulator":{"name":"functions"},"function":{"name":"us-central1-payment"},"extension":{},"message":"\u001b[90m> \u001b[39m   status: 'requires_payment_method',"}}
[info] >    transfer_data: null, {"user":"  transfer_data: null,","metadata":{"emulator":{"name":"functions"},"function":{"name":"us-central1-payment"},"extension":{},"message":"\u001b[90m> \u001b[39m   transfer_data: null,"}}
[info] >    transfer_group: null {"user":"  transfer_group: null","metadata":{"emulator":{"name":"functions"},"function":{"name":"us-central1-payment"},"extension":{},"message":"\u001b[90m> \u001b[39m   transfer_group: null"}}
[info] >  } {"user":"}","metadata":{"emulator":{"name":"functions"},"function":{"name":"us-central1-payment"},"extension":{},"message":"\u001b[90m> \u001b[39m }"}}
[debug] [2024-12-20T19:09:00.924Z] Finishing up request with event=pause {"metadata":{"emulator":{"name":"functions"},"function":{"name":"us-central1-payment"},"extension":{},"message":"Finishing up request with event=pause"}}
[info] i  functions: Finished "us-central1-payment" in 2353.6256ms {"metadata":{"emulator":{"name":"functions"},"function":{"name":"us-central1-payment"},"extension":{},"message":"Finished \"us-central1-payment\" in 2353.6256ms"}}
[debug] [2024-12-20T19:09:00.934Z] [worker-us-central1-payment-1aa4e2dc-de1d-4317-a622-9795580ba9c5]: IDLE {"metadata":{"emulator":{"name":"functions"},"function":{"name":"us-central1-payment"},"extension":{},"message":"[worker-us-central1-payment-1aa4e2dc-de1d-4317-a622-9795580ba9c5]: IDLE"}}
[debug] [2024-12-20T19:09:00.934Z] Finishing up request with event=finish {"metadata":{"emulator":{"name":"functions"},"function":{"name":"us-central1-payment"},"extension":{},"message":"Finishing up request with event=finish"}}
[debug] [2024-12-20T19:09:00.935Z] Finishing up request with event=close {"metadata":{"emulator":{"name":"functions"},"function":{"name":"us-central1-payment"},"extension":{},"message":"Finishing up request with event=close"}}
[debug] [2024-12-20T19:09:00.935Z] [work-queue] {"queuedWork":[],"queueLength":0,"runningWork":[],"workRunningCount":0}
